This file contains any messages produced by compilers while
running configure, to aid debugging if configure makes a mistake.

It was created by configure, which was
generated by GNU Autoconf 2.67.  Invocation command line was

  $ ./configure -with-barcode

## --------- ##
## Platform. ##
## --------- ##

hostname = andreas-desktop32
uname -m = i686
uname -r = 2.6.38-8-generic-pae
uname -s = Linux
uname -v = #42-Ubuntu SMP Mon Apr 11 05:17:09 UTC 2011

/usr/bin/uname -p = unknown
/bin/uname -X     = unknown

/bin/arch              = unknown
/usr/bin/arch -k       = unknown
/usr/convex/getsysinfo = unknown
/usr/bin/hostinfo      = unknown
/bin/machine           = unknown
/usr/bin/oslevel       = unknown
/bin/universe          = unknown

PATH: /usr/local/sbin
PATH: /usr/local/bin
PATH: /usr/sbin
PATH: /usr/bin
PATH: /sbin
PATH: /bin
PATH: /usr/games


## ----------- ##
## Core tests. ##
## ----------- ##

configure:2582: checking for grep that handles long lines and -e
configure:2640: result: /bin/grep
configure:2645: checking for egrep
configure:2707: result: /bin/grep -E
configure:2712: checking for a sed that does not truncate output
configure:2766: result: /bin/sed
configure:2898: checking for cc
configure:2914: found /usr/bin/cc
configure:2925: result: cc
configure:2956: checking for C compiler version
configure:2965: cc --version >&5
cc (Ubuntu/Linaro 4.5.2-8ubuntu4) 4.5.2
Copyright (C) 2010 Free Software Foundation, Inc.
This is free software; see the source for copying conditions.  There is NO
warranty; not even for MERCHANTABILITY or FITNESS FOR A PARTICULAR PURPOSE.

configure:2976: $? = 0
configure:2965: cc -v >&5
Using built-in specs.
COLLECT_GCC=cc
COLLECT_LTO_WRAPPER=/usr/lib/i386-linux-gnu/gcc/i686-linux-gnu/4.5.2/lto-wrapper
Target: i686-linux-gnu
Configured with: ../src/configure -v --with-pkgversion='Ubuntu/Linaro 4.5.2-8ubuntu4' --with-bugurl=file:///usr/share/doc/gcc-4.5/README.Bugs --enable-languages=c,c++,fortran,objc,obj-c++ --prefix=/usr --program-suffix=-4.5 --enable-shared --enable-multiarch --with-multiarch-defaults=i386-linux-gnu --enable-linker-build-id --with-system-zlib --libexecdir=/usr/lib/i386-linux-gnu --without-included-gettext --enable-threads=posix --with-gxx-include-dir=/usr/include/c++/4.5 --libdir=/usr/lib/i386-linux-gnu --enable-nls --with-sysroot=/ --enable-clocale=gnu --enable-libstdcxx-debug --enable-libstdcxx-time=yes --enable-plugin --enable-gold --enable-ld=default --with-plugin-ld=ld.gold --enable-objc-gc --enable-targets=all --disable-werror --with-arch-32=i686 --with-tune=generic --enable-checking=release --build=i686-linux-gnu --host=i686-linux-gnu --target=i686-linux-gnu
Thread model: posix
gcc version 4.5.2 (Ubuntu/Linaro 4.5.2-8ubuntu4) 
configure:2976: $? = 0
configure:2965: cc -V >&5
cc: '-V' option must have argument
configure:2976: $? = 1
configure:2965: cc -qversion >&5
cc: unrecognized option '-qversion'
cc: no input files
configure:2976: $? = 1
configure:2996: checking whether the C compiler works
configure:3018: cc    conftest.c  >&5
configure:3022: $? = 0
configure:3070: result: yes
configure:3073: checking for C compiler default output file name
configure:3075: result: a.out
configure:3081: checking for suffix of executables
configure:3088: cc -o conftest    conftest.c  >&5
configure:3092: $? = 0
configure:3114: result: 
configure:3136: checking whether we are cross compiling
configure:3144: cc -o conftest    conftest.c  >&5
configure:3148: $? = 0
configure:3155: ./conftest
configure:3159: $? = 0
configure:3174: result: no
configure:3179: checking for suffix of object files
configure:3201: cc -c   conftest.c >&5
configure:3205: $? = 0
configure:3226: result: o
configure:3230: checking whether we are using the GNU C compiler
configure:3249: cc -c   conftest.c >&5
configure:3249: $? = 0
configure:3258: result: yes
configure:3267: checking whether cc accepts -g
configure:3287: cc -c -g  conftest.c >&5
configure:3287: $? = 0
configure:3328: result: yes
configure:3345: checking for cc option to accept ISO C89
configure:3409: cc  -c -g -O2  conftest.c >&5
configure:3409: $? = 0
configure:3422: result: none needed
configure:3448: checking how to run the C preprocessor
configure:3479: cc -E  conftest.c
configure:3479: $? = 0
configure:3493: cc -E  conftest.c
conftest.c:9:28: fatal error: ac_nonexistent.h: No such file or directory
compilation terminated.
configure:3493: $? = 1
configure: failed program was:
| /* confdefs.h */
| #define PACKAGE_NAME ""
| #define PACKAGE_TARNAME ""
| #define PACKAGE_VERSION ""
| #define PACKAGE_STRING ""
| #define PACKAGE_BUGREPORT ""
| #define PACKAGE_URL ""
| /* end confdefs.h.  */
| #include <ac_nonexistent.h>
configure:3518: result: cc -E
configure:3538: cc -E  conftest.c
configure:3538: $? = 0
configure:3552: cc -E  conftest.c
conftest.c:9:28: fatal error: ac_nonexistent.h: No such file or directory
compilation terminated.
configure:3552: $? = 1
configure: failed program was:
| /* confdefs.h */
| #define PACKAGE_NAME ""
| #define PACKAGE_TARNAME ""
| #define PACKAGE_VERSION ""
| #define PACKAGE_STRING ""
| #define PACKAGE_BUGREPORT ""
| #define PACKAGE_URL ""
| /* end confdefs.h.  */
| #include <ac_nonexistent.h>
configure:3583: checking for icc
configure:3592: result: no
configure:3606: checking for suncc
configure:3615: result: no
configure:3633: checking whether cc understands -c and -o together
configure:3661: cc -c conftest.c -o conftest2.o >&5
configure:3665: $? = 0
configure:3671: cc -c conftest.c -o conftest2.o >&5
configure:3675: $? = 0
configure:3730: result: yes
configure:3744: checking for system library directory
configure:3759: result: lib
configure:3766: checking if compiler supports -R
configure:3785: cc -o conftest -g -O2   conftest.c -R /usr/lib  >&5
cc: unrecognized option '-R'
/usr/bin/ld: cannot find /usr/lib: File format not recognized
collect2: ld returned 1 exit status
configure:3785: $? = 1
configure: failed program was:
| /* confdefs.h */
| #define PACKAGE_NAME ""
| #define PACKAGE_TARNAME ""
| #define PACKAGE_VERSION ""
| #define PACKAGE_STRING ""
| #define PACKAGE_BUGREPORT ""
| #define PACKAGE_URL ""
| /* end confdefs.h.  */
| 
| int
| main ()
| {
| 
|   ;
|   return 0;
| }
configure:3795: result: no
configure:3800: checking if compiler supports -Wl,-rpath,
configure:3819: cc -o conftest -g -O2   conftest.c -Wl,-rpath,/usr/lib  >&5
configure:3819: $? = 0
configure:3829: result: yes
configure:3874: checking build system type
configure:3888: result: i686-pc-linux-gnu
configure:3908: checking host system type
configure:3921: result: i686-pc-linux-gnu
configure:3941: checking target system type
configure:3954: result: i686-pc-linux-gnu
configure:4057: checking for PHP prefix
configure:4059: result: /usr/local
configure:4061: checking for PHP includes
configure:4063: result: -I/usr/local/include/php -I/usr/local/include/php/main -I/usr/local/include/php/TSRM -I/usr/local/include/php/Zend -I/usr/local/include/php/ext -I/usr/local/include/php/ext/date/lib
configure:4065: checking for PHP extension directory
configure:4067: result: /usr/local/lib/php/extensions/debug-zts-20090626
configure:4069: checking for PHP installed headers prefix
configure:4071: result: /usr/local/include/php
configure:4074: checking if debug is enabled
configure:4100: result: yes
configure:4103: checking if zts is enabled
configure:4129: result: yes
configure:4203: checking for re2c
configure:4233: result: no
configure:4258: WARNING: You will need re2c 0.13.4 or later if you want to regenerate PHP parsers.
configure:4272: checking for gawk
configure:4303: result: no
configure:4272: checking for nawk
configure:4289: found /usr/bin/nawk
configure:4300: result: nawk
configure:4323: checking if nawk is broken
configure:4330: result: no
configure:4346: checking for barcode support
configure:4386: result: yes, shared
configure:4395: checking for zbar library
configure:4402: result: found libzbar in /usr/local
configure:4411: checking for png library
configure:4418: result: found libpng in /usr
configure:5087: checking for ld used by cc
configure:5154: result: /usr/bin/ld
configure:5161: checking if the linker (/usr/bin/ld) is GNU ld
configure:5176: result: yes
configure:5181: checking for /usr/bin/ld option to reload object files
configure:5188: result: -r
configure:5206: checking for BSD-compatible nm
configure:5255: result: /usr/bin/nm -B
configure:5259: checking whether ln -s works
configure:5263: result: yes
configure:5270: checking how to recognize dependent libraries
configure:5456: result: pass_all
configure:5668: checking for ANSI C header files
configure:5688: cc -c -g  -O0  conftest.c >&5
configure:5688: $? = 0
configure:5761: cc -o conftest -g  -O0   conftest.c  >&5
configure:5761: $? = 0
configure:5761: ./conftest
configure:5761: $? = 0
configure:5772: result: yes
configure:5785: checking for sys/types.h
configure:5785: cc -c -g  -O0  conftest.c >&5
configure:5785: $? = 0
configure:5785: result: yes
configure:5785: checking for sys/stat.h
configure:5785: cc -c -g  -O0  conftest.c >&5
configure:5785: $? = 0
configure:5785: result: yes
configure:5785: checking for stdlib.h
configure:5785: cc -c -g  -O0  conftest.c >&5
configure:5785: $? = 0
configure:5785: result: yes
configure:5785: checking for string.h
configure:5785: cc -c -g  -O0  conftest.c >&5
configure:5785: $? = 0
configure:5785: result: yes
configure:5785: checking for memory.h
configure:5785: cc -c -g  -O0  conftest.c >&5
configure:5785: $? = 0
configure:5785: result: yes
configure:5785: checking for strings.h
configure:5785: cc -c -g  -O0  conftest.c >&5
configure:5785: $? = 0
configure:5785: result: yes
configure:5785: checking for inttypes.h
configure:5785: cc -c -g  -O0  conftest.c >&5
configure:5785: $? = 0
configure:5785: result: yes
configure:5785: checking for stdint.h
configure:5785: cc -c -g  -O0  conftest.c >&5
configure:5785: $? = 0
configure:5785: result: yes
configure:5785: checking for unistd.h
configure:5785: cc -c -g  -O0  conftest.c >&5
configure:5785: $? = 0
configure:5785: result: yes
configure:5799: checking dlfcn.h usability
configure:5799: cc -c -g  -O0  conftest.c >&5
configure:5799: $? = 0
configure:5799: result: yes
configure:5799: checking dlfcn.h presence
configure:5799: cc -E  conftest.c
configure:5799: $? = 0
configure:5799: result: yes
configure:5799: checking for dlfcn.h
configure:5799: result: yes
configure:5821: checking the maximum length of command line arguments
configure:5933: result: 1572864
configure:5945: checking command to parse /usr/bin/nm -B output from cc object
configure:6050: cc -c -g  -O0  conftest.c >&5
configure:6053: $? = 0
configure:6057: /usr/bin/nm -B conftest.o \| sed -n -e 's/^.*[ 	]\([ABCDGIRSTW][ABCDGIRSTW]*\)[ 	][ 	]*\([_A-Za-z][_A-Za-z0-9]*\)$/\1 \2 \2/p' \> conftest.nm
configure:6060: $? = 0
configure:6112: cc -o conftest -g  -O0   conftest.c conftstm.o >&5
configure:6115: $? = 0
configure:6153: result: ok
configure:6157: checking for objdir
configure:6172: result: .libs
configure:6264: checking for ar
configure:6280: found /usr/bin/ar
configure:6291: result: ar
configure:6356: checking for ranlib
configure:6372: found /usr/bin/ranlib
configure:6383: result: ranlib
configure:6448: checking for strip
configure:6464: found /usr/bin/strip
configure:6475: result: strip
configure:7044: checking if cc supports -fno-rtti -fno-exceptions
configure:7062: cc -c -g  -O0  -fno-rtti -fno-exceptions conftest.c >&5
cc1: warning: command line option "-fno-rtti" is valid for C++/ObjC++ but not for C
configure:7066: $? = 0
configure:7079: result: no
configure:7094: checking for cc option to produce PIC
configure:7334: result: -fPIC
configure:7342: checking if cc PIC flag -fPIC works
configure:7360: cc -c -g  -O0  -fPIC -DPIC conftest.c >&5
configure:7364: $? = 0
configure:7377: result: yes
configure:7405: checking if cc static flag -static works
configure:7433: result: yes
configure:7443: checking if cc supports -c -o file.o
configure:7464: cc -c -g  -O0  -o out/conftest2.o conftest.c >&5
configure:7468: $? = 0
configure:7490: result: yes
configure:7516: checking whether the cc linker (/usr/bin/ld) supports shared libraries
configure:8448: result: yes
configure:8469: checking whether -lc should be explicitly linked in
configure:8474: cc -c -g  -O0  conftest.c >&5
configure:8477: $? = 0
configure:8492: cc -shared conftest.o  -v -Wl,-soname -Wl,conftest -o conftest 2\>\&1 \| grep  -lc  \>/dev/null 2\>\&1
configure:8495: $? = 0
configure:8507: result: no
configure:8515: checking dynamic linker characteristics
configure:9117: result: GNU/Linux ld.so
configure:9141: checking how to hardcode library paths into programs
configure:9166: result: immediate
configure:9180: checking whether stripping libraries is possible
configure:9185: result: yes
configure:9702: checking if libtool supports shared libraries
configure:9704: result: yes
configure:9707: checking whether to build shared libraries
configure:9728: result: yes
configure:9731: checking whether to build static libraries
configure:9735: result: no
configure:9830: result:
creating libtool
configure:13522: creating ./config.status

## ---------------------- ##
## Running config.status. ##
## ---------------------- ##

This file was extended by config.status, which was
generated by GNU Autoconf 2.67.  Invocation command line was

  CONFIG_FILES    = 
  CONFIG_HEADERS  = 
  CONFIG_LINKS    = 
  CONFIG_COMMANDS = 
  $ ./config.status 

on andreas-desktop32

config.status:687: creating config.h
config.status:777: config.h is unchanged

## ---------------- ##
## Cache variables. ##
## ---------------- ##

ac_cv_build=i686-pc-linux-gnu
ac_cv_c_compiler_gnu=yes
ac_cv_env_CC_set=
ac_cv_env_CC_value=
ac_cv_env_CFLAGS_set=
ac_cv_env_CFLAGS_value=
ac_cv_env_CPPFLAGS_set=
ac_cv_env_CPPFLAGS_value=
ac_cv_env_CPP_set=
ac_cv_env_CPP_value=
ac_cv_env_LDFLAGS_set=
ac_cv_env_LDFLAGS_value=
ac_cv_env_LIBS_set=
ac_cv_env_LIBS_value=
ac_cv_env_build_alias_set=
ac_cv_env_build_alias_value=
ac_cv_env_host_alias_set=
ac_cv_env_host_alias_value=
ac_cv_env_target_alias_set=
ac_cv_env_target_alias_value=
ac_cv_header_dlfcn_h=yes
ac_cv_header_inttypes_h=yes
ac_cv_header_memory_h=yes
ac_cv_header_stdc=yes
ac_cv_header_stdint_h=yes
ac_cv_header_stdlib_h=yes
ac_cv_header_string_h=yes
ac_cv_header_strings_h=yes
ac_cv_header_sys_stat_h=yes
ac_cv_header_sys_types_h=yes
ac_cv_header_unistd_h=yes
ac_cv_host=i686-pc-linux-gnu
ac_cv_objext=o
ac_cv_path_EGREP='/bin/grep -E'
ac_cv_path_GREP=/bin/grep
ac_cv_prog_AWK=nawk
ac_cv_prog_CPP='cc -E'
ac_cv_prog_ac_ct_AR=ar
ac_cv_prog_ac_ct_CC=cc
ac_cv_prog_ac_ct_RANLIB=ranlib
ac_cv_prog_ac_ct_STRIP=strip
ac_cv_prog_cc_c89=
ac_cv_prog_cc_cc_c_o=yes
ac_cv_prog_cc_g=yes
ac_cv_target=i686-pc-linux-gnu
lt_cv_deplibs_check_method=pass_all
lt_cv_file_magic_cmd='$MAGIC_CMD'
lt_cv_file_magic_test_file=
lt_cv_ld_reload_flag=-r
lt_cv_objdir=.libs
lt_cv_path_LD=/usr/bin/ld
lt_cv_path_NM='/usr/bin/nm -B'
lt_cv_path_SED=/bin/sed
lt_cv_prog_compiler_c_o=yes
lt_cv_prog_compiler_pic_works=yes
lt_cv_prog_compiler_rtti_exceptions=no
lt_cv_prog_compiler_static_works=yes
lt_cv_prog_gnu_ld=yes
lt_cv_sys_global_symbol_pipe='sed -n -e '\''s/^.*[ 	]\([ABCDGIRSTW][ABCDGIRSTW]*\)[ 	][ 	]*\([_A-Za-z][_A-Za-z0-9]*\)$/\1 \2 \2/p'\'''
lt_cv_sys_global_symbol_to_c_name_address='sed -n -e '\''s/^: \([^ ]*\) $/  {\"\1\", (lt_ptr) 0},/p'\'' -e '\''s/^[BCDEGRST] \([^ ]*\) \([^ ]*\)$/  {"\2", (lt_ptr) \&\2},/p'\'''
lt_cv_sys_global_symbol_to_cdecl='sed -n -e '\''s/^. .* \(.*\)$/extern int \1;/p'\'''
lt_cv_sys_lib_dlsearch_path_spec='/lib /usr/lib /usr/lib/mesa /lib/i386-linux-gnu /usr/lib/i386-linux-gnu /lib/i686-linux-gnu /usr/lib/i686-linux-gnu /usr/lib/alsa-lib /usr/local/lib '
lt_cv_sys_lib_search_path_spec='/usr/lib/i386-linux-gnu/gcc/i686-linux-gnu/4.5.2 /usr/lib/i386-linux-gnu /lib /usr/lib'
lt_cv_sys_max_cmd_len=1572864
lt_lt_cv_prog_compiler_c_o='"yes"'
lt_lt_cv_sys_global_symbol_pipe='"sed -n -e '\''s/^.*[ 	]\\([ABCDGIRSTW][ABCDGIRSTW]*\\)[ 	][ 	]*\\([_A-Za-z][_A-Za-z0-9]*\\)\$/\\1 \\2 \\2/p'\''"'
lt_lt_cv_sys_global_symbol_to_c_name_address='"sed -n -e '\''s/^: \\([^ ]*\\) \$/  {\\\"\\1\\\", (lt_ptr) 0},/p'\'' -e '\''s/^[BCDEGRST] \\([^ ]*\\) \\([^ ]*\\)\$/  {\"\\2\", (lt_ptr) \\&\\2},/p'\''"'
lt_lt_cv_sys_global_symbol_to_cdecl='"sed -n -e '\''s/^. .* \\(.*\\)\$/extern int \\1;/p'\''"'
php_cv_cc_dashr=no
php_cv_cc_rpath=yes

## ----------------- ##
## Output variables. ##
## ----------------- ##

AR='ar'
AWK='nawk'
CC='cc'
CFLAGS='-g  -O0'
CONFIGURE_COMMAND=' '\''./configure'\'' '
CONFIGURE_OPTIONS=''
CPP='cc -E'
CPPFLAGS=' -DHAVE_CONFIG_H'
DEFS='-DHAVE_CONFIG_H'
DSYMUTIL=''
ECHO='echo'
ECHO_C=''
ECHO_N='-n'
ECHO_T=''
EGREP='/bin/grep -E'
EXEEXT=''
GREP='/bin/grep'
LDFLAGS=''
LIBOBJS=''
LIBS=''
LIBTOOL='$(SHELL) $(top_builddir)/libtool'
LN_S='ln -s'
LTLIBOBJS=''
NMEDIT=''
OBJEXT='o'
PACKAGE_BUGREPORT=''
PACKAGE_NAME=''
PACKAGE_STRING=''
PACKAGE_TARNAME=''
PACKAGE_URL=''
PACKAGE_VERSION=''
PATH_SEPARATOR=':'
RANLIB='ranlib'
RE2C='exit 0;'
SED='/bin/sed'
SHELL='/bin/bash'
SHLIB_DL_SUFFIX_NAME='so'
SHLIB_SUFFIX_NAME='so'
STRIP='strip'
ac_ct_CC='cc'
bindir='${exec_prefix}/bin'
build='i686-pc-linux-gnu'
build_alias=''
build_cpu='i686'
build_os='linux-gnu'
build_vendor='pc'
datadir='${datarootdir}'
datarootdir='${prefix}/share'
docdir='${datarootdir}/doc/${PACKAGE}'
dvidir='${docdir}'
exec_prefix='$(prefix)'
host='i686-pc-linux-gnu'
host_alias='i686-pc-linux-gnu'
host_cpu='i686'
host_os='linux-gnu'
host_vendor='pc'
htmldir='${docdir}'
includedir='${prefix}/include'
infodir='${datarootdir}/info'
libdir='${exec_prefix}/lib'
libexecdir='${exec_prefix}/libexec'
localedir='${datarootdir}/locale'
localstatedir='${prefix}/var'
mandir='${datarootdir}/man'
oldincludedir='/usr/include'
pdfdir='${docdir}'
prefix='/usr/local'
program_transform_name='s,x,x,'
psdir='${docdir}'
sbindir='${exec_prefix}/sbin'
sharedstatedir='${prefix}/com'
sysconfdir='${prefix}/etc'
target='i686-pc-linux-gnu'
target_alias=''
target_cpu='i686'
target_os='linux-gnu'
target_vendor='pc'

## ----------- ##
## confdefs.h. ##
## ----------- ##

/* confdefs.h */
#define PACKAGE_NAME ""
#define PACKAGE_TARNAME ""
#define PACKAGE_VERSION ""
#define PACKAGE_STRING ""
#define PACKAGE_BUGREPORT ""
#define PACKAGE_URL ""
#define HAVE_ZBARLIB 1
#define HAVE_PNGLIB 1
#define COMPILE_DL_BARCODE 1
#define STDC_HEADERS 1
#define HAVE_SYS_TYPES_H 1
#define HAVE_SYS_STAT_H 1
#define HAVE_STDLIB_H 1
#define HAVE_STRING_H 1
#define HAVE_MEMORY_H 1
#define HAVE_STRINGS_H 1
#define HAVE_INTTYPES_H 1
#define HAVE_STDINT_H 1
#define HAVE_UNISTD_H 1
#define HAVE_DLFCN_H 1

configure: exit 0
